{"D:\\Studies\\Rocketseat\\ignite\\node\\rentalx\\src\\modules\\cars\\UseCases\\CreateCars\\CreateCarUseCase.ts": {"path":"D:\\Studies\\Rocketseat\\ignite\\node\\rentalx\\src\\modules\\cars\\UseCases\\CreateCars\\CreateCarUseCase.ts","all":false,"statementMap":{"0":{"start":{"line":1,"column":0},"end":{"line":1,"column":46}},"1":{"start":{"line":2,"column":0},"end":{"line":2,"column":0}},"2":{"start":{"line":3,"column":0},"end":{"line":3,"column":58}},"3":{"start":{"line":4,"column":0},"end":{"line":4,"column":55}},"4":{"start":{"line":5,"column":0},"end":{"line":5,"column":69}},"5":{"start":{"line":6,"column":0},"end":{"line":6,"column":0}},"6":{"start":{"line":7,"column":0},"end":{"line":7,"column":20}},"7":{"start":{"line":8,"column":0},"end":{"line":8,"column":15}},"8":{"start":{"line":9,"column":0},"end":{"line":9,"column":22}},"9":{"start":{"line":10,"column":0},"end":{"line":10,"column":21}},"10":{"start":{"line":11,"column":0},"end":{"line":11,"column":24}},"11":{"start":{"line":12,"column":0},"end":{"line":12,"column":22}},"12":{"start":{"line":13,"column":0},"end":{"line":13,"column":16}},"13":{"start":{"line":14,"column":0},"end":{"line":14,"column":22}},"14":{"start":{"line":15,"column":0},"end":{"line":15,"column":1}},"15":{"start":{"line":16,"column":0},"end":{"line":16,"column":0}},"16":{"start":{"line":17,"column":0},"end":{"line":17,"column":16}},"17":{"start":{"line":18,"column":0},"end":{"line":18,"column":31}},"18":{"start":{"line":19,"column":0},"end":{"line":19,"column":14}},"19":{"start":{"line":20,"column":0},"end":{"line":20,"column":32}},"20":{"start":{"line":21,"column":0},"end":{"line":21,"column":44}},"21":{"start":{"line":22,"column":0},"end":{"line":22,"column":7}},"22":{"start":{"line":23,"column":0},"end":{"line":23,"column":0}},"23":{"start":{"line":24,"column":0},"end":{"line":24,"column":16}},"24":{"start":{"line":25,"column":0},"end":{"line":25,"column":5}},"25":{"start":{"line":26,"column":0},"end":{"line":26,"column":11}},"26":{"start":{"line":27,"column":0},"end":{"line":27,"column":18}},"27":{"start":{"line":28,"column":0},"end":{"line":28,"column":17}},"28":{"start":{"line":29,"column":0},"end":{"line":29,"column":20}},"29":{"start":{"line":30,"column":0},"end":{"line":30,"column":18}},"30":{"start":{"line":31,"column":0},"end":{"line":31,"column":12}},"31":{"start":{"line":32,"column":0},"end":{"line":32,"column":18}},"32":{"start":{"line":33,"column":0},"end":{"line":33,"column":16}},"33":{"start":{"line":34,"column":0},"end":{"line":34,"column":19}},"34":{"start":{"line":35,"column":0},"end":{"line":35,"column":98}},"35":{"start":{"line":36,"column":0},"end":{"line":36,"column":0}},"36":{"start":{"line":37,"column":0},"end":{"line":37,"column":75}},"37":{"start":{"line":38,"column":0},"end":{"line":38,"column":0}},"38":{"start":{"line":39,"column":0},"end":{"line":39,"column":50}},"39":{"start":{"line":40,"column":0},"end":{"line":40,"column":11}},"40":{"start":{"line":41,"column":0},"end":{"line":41,"column":18}},"41":{"start":{"line":42,"column":0},"end":{"line":42,"column":17}},"42":{"start":{"line":43,"column":0},"end":{"line":43,"column":20}},"43":{"start":{"line":44,"column":0},"end":{"line":44,"column":18}},"44":{"start":{"line":45,"column":0},"end":{"line":45,"column":12}},"45":{"start":{"line":46,"column":0},"end":{"line":46,"column":18}},"46":{"start":{"line":47,"column":0},"end":{"line":47,"column":7}},"47":{"start":{"line":48,"column":0},"end":{"line":48,"column":0}},"48":{"start":{"line":49,"column":0},"end":{"line":49,"column":15}},"49":{"start":{"line":50,"column":0},"end":{"line":50,"column":3}},"50":{"start":{"line":51,"column":0},"end":{"line":51,"column":1}}},"s":{"0":1,"1":1,"2":1,"3":1,"4":1,"5":1,"6":1,"7":1,"8":1,"9":1,"10":1,"11":1,"12":1,"13":1,"14":1,"15":1,"16":1,"17":1,"18":1,"19":3,"20":3,"21":3,"22":1,"23":1,"24":4,"25":4,"26":4,"27":4,"28":4,"29":4,"30":4,"31":4,"32":4,"33":4,"34":4,"35":4,"36":4,"37":3,"38":3,"39":3,"40":3,"41":3,"42":3,"43":3,"44":3,"45":3,"46":3,"47":3,"48":3,"49":3,"50":1},"branchMap":{"0":{"type":"branch","line":19,"loc":{"start":{"line":19,"column":2},"end":{"line":22,"column":7}},"locations":[{"start":{"line":19,"column":2},"end":{"line":22,"column":7}}]},"1":{"type":"branch","line":24,"loc":{"start":{"line":24,"column":8},"end":{"line":50,"column":3}},"locations":[{"start":{"line":24,"column":8},"end":{"line":50,"column":3}}]},"2":{"type":"branch","line":37,"loc":{"start":{"line":37,"column":35},"end":{"line":37,"column":75}},"locations":[{"start":{"line":37,"column":35},"end":{"line":37,"column":75}}]},"3":{"type":"branch","line":38,"loc":{"start":{"line":38,"column":-1},"end":{"line":50,"column":3}},"locations":[{"start":{"line":38,"column":-1},"end":{"line":50,"column":3}}]}},"b":{"0":[3],"1":[4],"2":[1],"3":[3]},"fnMap":{"0":{"name":"CreateCarUseCase","decl":{"start":{"line":19,"column":2},"end":{"line":22,"column":7}},"loc":{"start":{"line":19,"column":2},"end":{"line":22,"column":7}},"line":19},"1":{"name":"execute","decl":{"start":{"line":24,"column":8},"end":{"line":50,"column":3}},"loc":{"start":{"line":24,"column":8},"end":{"line":50,"column":3}},"line":24}},"f":{"0":3,"1":4}}
,"D:\\Studies\\Rocketseat\\ignite\\node\\rentalx\\src\\modules\\cars\\UseCases\\CreateCategory\\CreateCategoryUseCase.ts": {"path":"D:\\Studies\\Rocketseat\\ignite\\node\\rentalx\\src\\modules\\cars\\UseCases\\CreateCategory\\CreateCategoryUseCase.ts","all":false,"statementMap":{"0":{"start":{"line":1,"column":0},"end":{"line":1,"column":34}},"1":{"start":{"line":2,"column":0},"end":{"line":2,"column":46}},"2":{"start":{"line":3,"column":0},"end":{"line":3,"column":0}},"3":{"start":{"line":4,"column":0},"end":{"line":4,"column":58}},"4":{"start":{"line":5,"column":0},"end":{"line":5,"column":81}},"5":{"start":{"line":6,"column":0},"end":{"line":6,"column":0}},"6":{"start":{"line":7,"column":0},"end":{"line":7,"column":20}},"7":{"start":{"line":8,"column":0},"end":{"line":8,"column":15}},"8":{"start":{"line":9,"column":0},"end":{"line":9,"column":22}},"9":{"start":{"line":10,"column":0},"end":{"line":10,"column":1}},"10":{"start":{"line":11,"column":0},"end":{"line":11,"column":13}},"11":{"start":{"line":12,"column":0},"end":{"line":12,"column":44}},"12":{"start":{"line":13,"column":0},"end":{"line":13,"column":14}},"13":{"start":{"line":14,"column":0},"end":{"line":14,"column":35}},"14":{"start":{"line":15,"column":0},"end":{"line":15,"column":56}},"15":{"start":{"line":16,"column":0},"end":{"line":16,"column":7}},"16":{"start":{"line":17,"column":0},"end":{"line":17,"column":0}},"17":{"start":{"line":18,"column":0},"end":{"line":18,"column":65}},"18":{"start":{"line":19,"column":0},"end":{"line":19,"column":83}},"19":{"start":{"line":20,"column":0},"end":{"line":20,"column":0}},"20":{"start":{"line":21,"column":0},"end":{"line":21,"column":77}},"21":{"start":{"line":22,"column":0},"end":{"line":22,"column":0}},"22":{"start":{"line":23,"column":0},"end":{"line":23,"column":66}},"23":{"start":{"line":24,"column":0},"end":{"line":24,"column":3}},"24":{"start":{"line":25,"column":0},"end":{"line":25,"column":1}}},"s":{"0":1,"1":1,"2":1,"3":1,"4":1,"5":1,"6":1,"7":1,"8":1,"9":1,"10":1,"11":1,"12":1,"13":2,"14":2,"15":2,"16":1,"17":1,"18":3,"19":3,"20":3,"21":3,"22":3,"23":3,"24":1},"branchMap":{"0":{"type":"branch","line":13,"loc":{"start":{"line":13,"column":2},"end":{"line":16,"column":7}},"locations":[{"start":{"line":13,"column":2},"end":{"line":16,"column":7}}]},"1":{"type":"branch","line":18,"loc":{"start":{"line":18,"column":8},"end":{"line":24,"column":3}},"locations":[{"start":{"line":18,"column":8},"end":{"line":24,"column":3}}]},"2":{"type":"branch","line":21,"loc":{"start":{"line":21,"column":31},"end":{"line":21,"column":77}},"locations":[{"start":{"line":21,"column":31},"end":{"line":21,"column":77}}]}},"b":{"0":[2],"1":[3],"2":[1]},"fnMap":{"0":{"name":"CreateCategoryUseCase","decl":{"start":{"line":13,"column":2},"end":{"line":16,"column":7}},"loc":{"start":{"line":13,"column":2},"end":{"line":16,"column":7}},"line":13},"1":{"name":"execute","decl":{"start":{"line":18,"column":8},"end":{"line":24,"column":3}},"loc":{"start":{"line":18,"column":8},"end":{"line":24,"column":3}},"line":18}},"f":{"0":2,"1":3}}
,"D:\\Studies\\Rocketseat\\ignite\\node\\rentalx\\src\\modules\\cars\\infra\\typeorm\\entities\\Car.ts": {"path":"D:\\Studies\\Rocketseat\\ignite\\node\\rentalx\\src\\modules\\cars\\infra\\typeorm\\entities\\Car.ts","all":false,"statementMap":{"0":{"start":{"line":1,"column":0},"end":{"line":1,"column":34}},"1":{"start":{"line":2,"column":0},"end":{"line":2,"column":0}},"2":{"start":{"line":3,"column":0},"end":{"line":3,"column":18}},"3":{"start":{"line":4,"column":0},"end":{"line":4,"column":13}},"4":{"start":{"line":5,"column":0},"end":{"line":5,"column":15}},"5":{"start":{"line":6,"column":0},"end":{"line":6,"column":22}},"6":{"start":{"line":7,"column":0},"end":{"line":7,"column":21}},"7":{"start":{"line":8,"column":0},"end":{"line":8,"column":24}},"8":{"start":{"line":9,"column":0},"end":{"line":9,"column":22}},"9":{"start":{"line":10,"column":0},"end":{"line":10,"column":16}},"10":{"start":{"line":11,"column":0},"end":{"line":11,"column":22}},"11":{"start":{"line":12,"column":0},"end":{"line":12,"column":19}},"12":{"start":{"line":13,"column":0},"end":{"line":13,"column":21}},"13":{"start":{"line":14,"column":0},"end":{"line":14,"column":0}},"14":{"start":{"line":15,"column":0},"end":{"line":15,"column":17}},"15":{"start":{"line":16,"column":0},"end":{"line":16,"column":19}},"16":{"start":{"line":17,"column":0},"end":{"line":17,"column":23}},"17":{"start":{"line":18,"column":0},"end":{"line":18,"column":28}},"18":{"start":{"line":19,"column":0},"end":{"line":19,"column":35}},"19":{"start":{"line":20,"column":0},"end":{"line":20,"column":5}},"20":{"start":{"line":21,"column":0},"end":{"line":21,"column":3}},"21":{"start":{"line":22,"column":0},"end":{"line":22,"column":1}}},"s":{"0":1,"1":1,"2":1,"3":1,"4":1,"5":1,"6":1,"7":1,"8":1,"9":1,"10":1,"11":1,"12":1,"13":1,"14":1,"15":3,"16":3,"17":3,"18":3,"19":3,"20":3,"21":1},"branchMap":{"0":{"type":"branch","line":15,"loc":{"start":{"line":15,"column":2},"end":{"line":21,"column":3}},"locations":[{"start":{"line":15,"column":2},"end":{"line":21,"column":3}}]}},"b":{"0":[3]},"fnMap":{"0":{"name":"Car","decl":{"start":{"line":15,"column":2},"end":{"line":21,"column":3}},"loc":{"start":{"line":15,"column":2},"end":{"line":21,"column":3}},"line":15}},"f":{"0":3}}
,"D:\\Studies\\Rocketseat\\ignite\\node\\rentalx\\src\\modules\\cars\\infra\\typeorm\\entities\\Category.ts": {"path":"D:\\Studies\\Rocketseat\\ignite\\node\\rentalx\\src\\modules\\cars\\infra\\typeorm\\entities\\Category.ts","all":false,"statementMap":{"0":{"start":{"line":1,"column":0},"end":{"line":1,"column":27}},"1":{"start":{"line":2,"column":0},"end":{"line":2,"column":8}},"2":{"start":{"line":3,"column":0},"end":{"line":3,"column":50}},"3":{"start":{"line":4,"column":0},"end":{"line":4,"column":17}},"4":{"start":{"line":5,"column":0},"end":{"line":5,"column":34}},"5":{"start":{"line":6,"column":0},"end":{"line":6,"column":0}},"6":{"start":{"line":7,"column":0},"end":{"line":7,"column":21}},"7":{"start":{"line":8,"column":0},"end":{"line":8,"column":16}},"8":{"start":{"line":9,"column":0},"end":{"line":9,"column":18}},"9":{"start":{"line":10,"column":0},"end":{"line":10,"column":14}},"10":{"start":{"line":11,"column":0},"end":{"line":11,"column":11}},"11":{"start":{"line":12,"column":0},"end":{"line":12,"column":15}},"12":{"start":{"line":13,"column":0},"end":{"line":13,"column":11}},"13":{"start":{"line":14,"column":0},"end":{"line":14,"column":22}},"14":{"start":{"line":15,"column":0},"end":{"line":15,"column":21}},"15":{"start":{"line":16,"column":0},"end":{"line":16,"column":19}},"16":{"start":{"line":17,"column":0},"end":{"line":17,"column":0}},"17":{"start":{"line":18,"column":0},"end":{"line":18,"column":17}},"18":{"start":{"line":19,"column":0},"end":{"line":19,"column":19}},"19":{"start":{"line":20,"column":0},"end":{"line":20,"column":23}},"20":{"start":{"line":21,"column":0},"end":{"line":21,"column":5}},"21":{"start":{"line":22,"column":0},"end":{"line":22,"column":3}},"22":{"start":{"line":23,"column":0},"end":{"line":23,"column":1}},"23":{"start":{"line":24,"column":0},"end":{"line":24,"column":0}},"24":{"start":{"line":25,"column":0},"end":{"line":25,"column":20}}},"s":{"0":1,"1":1,"2":1,"3":1,"4":1,"5":1,"6":1,"7":1,"8":1,"9":1,"10":1,"11":1,"12":1,"13":1,"14":1,"15":1,"16":1,"17":1,"18":2,"19":2,"20":2,"21":2,"22":1,"23":1,"24":1},"branchMap":{"0":{"type":"branch","line":18,"loc":{"start":{"line":18,"column":2},"end":{"line":22,"column":3}},"locations":[{"start":{"line":18,"column":2},"end":{"line":22,"column":3}}]}},"b":{"0":[2]},"fnMap":{"0":{"name":"Category","decl":{"start":{"line":18,"column":2},"end":{"line":22,"column":3}},"loc":{"start":{"line":18,"column":2},"end":{"line":22,"column":3}},"line":18}},"f":{"0":2}}
,"D:\\Studies\\Rocketseat\\ignite\\node\\rentalx\\src\\modules\\cars\\repositories\\in-memory\\CarsRepositoryInMemory.ts": {"path":"D:\\Studies\\Rocketseat\\ignite\\node\\rentalx\\src\\modules\\cars\\repositories\\in-memory\\CarsRepositoryInMemory.ts","all":false,"statementMap":{"0":{"start":{"line":1,"column":0},"end":{"line":1,"column":57}},"1":{"start":{"line":2,"column":0},"end":{"line":2,"column":55}},"2":{"start":{"line":3,"column":0},"end":{"line":3,"column":53}},"3":{"start":{"line":4,"column":0},"end":{"line":4,"column":0}},"4":{"start":{"line":5,"column":0},"end":{"line":5,"column":64}},"5":{"start":{"line":6,"column":0},"end":{"line":6,"column":19}},"6":{"start":{"line":7,"column":0},"end":{"line":7,"column":16}},"7":{"start":{"line":8,"column":0},"end":{"line":8,"column":9}},"8":{"start":{"line":9,"column":0},"end":{"line":9,"column":16}},"9":{"start":{"line":10,"column":0},"end":{"line":10,"column":15}},"10":{"start":{"line":11,"column":0},"end":{"line":11,"column":18}},"11":{"start":{"line":12,"column":0},"end":{"line":12,"column":16}},"12":{"start":{"line":13,"column":0},"end":{"line":13,"column":10}},"13":{"start":{"line":14,"column":0},"end":{"line":14,"column":16}},"14":{"start":{"line":15,"column":0},"end":{"line":15,"column":35}},"15":{"start":{"line":16,"column":0},"end":{"line":16,"column":26}},"16":{"start":{"line":17,"column":0},"end":{"line":17,"column":24}},"17":{"start":{"line":18,"column":0},"end":{"line":18,"column":11}},"18":{"start":{"line":19,"column":0},"end":{"line":19,"column":18}},"19":{"start":{"line":20,"column":0},"end":{"line":20,"column":17}},"20":{"start":{"line":21,"column":0},"end":{"line":21,"column":20}},"21":{"start":{"line":22,"column":0},"end":{"line":22,"column":18}},"22":{"start":{"line":23,"column":0},"end":{"line":23,"column":12}},"23":{"start":{"line":24,"column":0},"end":{"line":24,"column":18}},"24":{"start":{"line":25,"column":0},"end":{"line":25,"column":7}},"25":{"start":{"line":26,"column":0},"end":{"line":26,"column":0}},"26":{"start":{"line":27,"column":0},"end":{"line":27,"column":24}},"27":{"start":{"line":28,"column":0},"end":{"line":28,"column":0}},"28":{"start":{"line":29,"column":0},"end":{"line":29,"column":15}},"29":{"start":{"line":30,"column":0},"end":{"line":30,"column":3}},"30":{"start":{"line":31,"column":0},"end":{"line":31,"column":65}},"31":{"start":{"line":32,"column":0},"end":{"line":32,"column":72}},"32":{"start":{"line":33,"column":0},"end":{"line":33,"column":3}},"33":{"start":{"line":34,"column":0},"end":{"line":34,"column":1}}},"s":{"0":1,"1":1,"2":1,"3":1,"4":3,"5":3,"6":3,"7":3,"8":3,"9":3,"10":3,"11":3,"12":3,"13":3,"14":3,"15":3,"16":3,"17":3,"18":3,"19":3,"20":3,"21":3,"22":3,"23":3,"24":3,"25":3,"26":3,"27":3,"28":3,"29":3,"30":3,"31":4,"32":4,"33":3},"branchMap":{"0":{"type":"branch","line":5,"loc":{"start":{"line":5,"column":0},"end":{"line":34,"column":1}},"locations":[{"start":{"line":5,"column":0},"end":{"line":34,"column":1}}]},"1":{"type":"branch","line":7,"loc":{"start":{"line":7,"column":8},"end":{"line":30,"column":3}},"locations":[{"start":{"line":7,"column":8},"end":{"line":30,"column":3}}]},"2":{"type":"branch","line":31,"loc":{"start":{"line":31,"column":8},"end":{"line":33,"column":3}},"locations":[{"start":{"line":31,"column":8},"end":{"line":33,"column":3}}]},"3":{"type":"branch","line":32,"loc":{"start":{"line":32,"column":26},"end":{"line":32,"column":70}},"locations":[{"start":{"line":32,"column":26},"end":{"line":32,"column":70}}]}},"b":{"0":[3],"1":[3],"2":[4],"3":[1]},"fnMap":{"0":{"name":"CarsRepositoryInMemory","decl":{"start":{"line":5,"column":0},"end":{"line":34,"column":1}},"loc":{"start":{"line":5,"column":0},"end":{"line":34,"column":1}},"line":5},"1":{"name":"create","decl":{"start":{"line":7,"column":8},"end":{"line":30,"column":3}},"loc":{"start":{"line":7,"column":8},"end":{"line":30,"column":3}},"line":7},"2":{"name":"findByLicensePlate","decl":{"start":{"line":31,"column":8},"end":{"line":33,"column":3}},"loc":{"start":{"line":31,"column":8},"end":{"line":33,"column":3}},"line":31}},"f":{"0":3,"1":3,"2":4}}
,"D:\\Studies\\Rocketseat\\ignite\\node\\rentalx\\src\\modules\\cars\\repositories\\in-memory\\CategoriesRepositoryInMemory.ts": {"path":"D:\\Studies\\Rocketseat\\ignite\\node\\rentalx\\src\\modules\\cars\\repositories\\in-memory\\CategoriesRepositoryInMemory.ts","all":false,"statementMap":{"0":{"start":{"line":1,"column":0},"end":{"line":1,"column":36}},"1":{"start":{"line":2,"column":0},"end":{"line":2,"column":65}},"2":{"start":{"line":3,"column":0},"end":{"line":3,"column":85}},"3":{"start":{"line":4,"column":0},"end":{"line":4,"column":43}},"4":{"start":{"line":5,"column":0},"end":{"line":5,"column":0}},"5":{"start":{"line":6,"column":0},"end":{"line":6,"column":76}},"6":{"start":{"line":7,"column":0},"end":{"line":7,"column":30}},"7":{"start":{"line":8,"column":0},"end":{"line":8,"column":0}},"8":{"start":{"line":9,"column":0},"end":{"line":9,"column":53}},"9":{"start":{"line":10,"column":0},"end":{"line":10,"column":80}},"10":{"start":{"line":11,"column":0},"end":{"line":11,"column":20}},"11":{"start":{"line":12,"column":0},"end":{"line":12,"column":3}},"12":{"start":{"line":13,"column":0},"end":{"line":13,"column":37}},"13":{"start":{"line":14,"column":0},"end":{"line":14,"column":43}},"14":{"start":{"line":15,"column":0},"end":{"line":15,"column":26}},"15":{"start":{"line":16,"column":0},"end":{"line":16,"column":3}},"16":{"start":{"line":17,"column":0},"end":{"line":17,"column":74}},"17":{"start":{"line":18,"column":0},"end":{"line":18,"column":36}},"18":{"start":{"line":19,"column":0},"end":{"line":19,"column":51}},"19":{"start":{"line":20,"column":0},"end":{"line":20,"column":35}},"20":{"start":{"line":21,"column":0},"end":{"line":21,"column":3}},"21":{"start":{"line":22,"column":0},"end":{"line":22,"column":1}}},"s":{"0":1,"1":1,"2":1,"3":1,"4":1,"5":2,"6":2,"7":2,"8":2,"9":4,"10":4,"11":4,"12":2,"13":0,"14":0,"15":0,"16":2,"17":2,"18":2,"19":2,"20":2,"21":2},"branchMap":{"0":{"type":"branch","line":6,"loc":{"start":{"line":6,"column":0},"end":{"line":22,"column":1}},"locations":[{"start":{"line":6,"column":0},"end":{"line":22,"column":1}}]},"1":{"type":"branch","line":9,"loc":{"start":{"line":9,"column":8},"end":{"line":12,"column":3}},"locations":[{"start":{"line":9,"column":8},"end":{"line":12,"column":3}}]},"2":{"type":"branch","line":10,"loc":{"start":{"line":10,"column":42},"end":{"line":10,"column":78}},"locations":[{"start":{"line":10,"column":42},"end":{"line":10,"column":78}}]},"3":{"type":"branch","line":17,"loc":{"start":{"line":17,"column":8},"end":{"line":21,"column":3}},"locations":[{"start":{"line":17,"column":8},"end":{"line":21,"column":3}}]}},"b":{"0":[2],"1":[4],"2":[2],"3":[2]},"fnMap":{"0":{"name":"CategoriesRepositoryInMemory","decl":{"start":{"line":6,"column":0},"end":{"line":22,"column":1}},"loc":{"start":{"line":6,"column":0},"end":{"line":22,"column":1}},"line":6},"1":{"name":"findByName","decl":{"start":{"line":9,"column":8},"end":{"line":12,"column":3}},"loc":{"start":{"line":9,"column":8},"end":{"line":12,"column":3}},"line":9},"2":{"name":"list","decl":{"start":{"line":13,"column":8},"end":{"line":16,"column":3}},"loc":{"start":{"line":13,"column":8},"end":{"line":16,"column":3}},"line":13},"3":{"name":"create","decl":{"start":{"line":17,"column":8},"end":{"line":21,"column":3}},"loc":{"start":{"line":17,"column":8},"end":{"line":21,"column":3}},"line":17}},"f":{"0":2,"1":4,"2":0,"3":2}}
,"D:\\Studies\\Rocketseat\\ignite\\node\\rentalx\\src\\modules\\users\\UseCases\\AuthenticateUseCase\\AuthenticateUseCase.ts": {"path":"D:\\Studies\\Rocketseat\\ignite\\node\\rentalx\\src\\modules\\users\\UseCases\\AuthenticateUseCase\\AuthenticateUseCase.ts","all":false,"statementMap":{"0":{"start":{"line":1,"column":0},"end":{"line":1,"column":35}},"1":{"start":{"line":2,"column":0},"end":{"line":2,"column":36}},"2":{"start":{"line":3,"column":0},"end":{"line":3,"column":46}},"3":{"start":{"line":4,"column":0},"end":{"line":4,"column":0}},"4":{"start":{"line":5,"column":0},"end":{"line":5,"column":58}},"5":{"start":{"line":6,"column":0},"end":{"line":6,"column":83}},"6":{"start":{"line":7,"column":0},"end":{"line":7,"column":0}},"7":{"start":{"line":8,"column":0},"end":{"line":8,"column":20}},"8":{"start":{"line":9,"column":0},"end":{"line":9,"column":16}},"9":{"start":{"line":10,"column":0},"end":{"line":10,"column":19}},"10":{"start":{"line":11,"column":0},"end":{"line":11,"column":1}},"11":{"start":{"line":12,"column":0},"end":{"line":12,"column":0}},"12":{"start":{"line":13,"column":0},"end":{"line":13,"column":21}},"13":{"start":{"line":14,"column":0},"end":{"line":14,"column":9}},"14":{"start":{"line":15,"column":0},"end":{"line":15,"column":18}},"15":{"start":{"line":16,"column":0},"end":{"line":16,"column":16}},"16":{"start":{"line":17,"column":0},"end":{"line":17,"column":4}},"17":{"start":{"line":18,"column":0},"end":{"line":18,"column":15}},"18":{"start":{"line":19,"column":0},"end":{"line":19,"column":1}},"19":{"start":{"line":20,"column":0},"end":{"line":20,"column":0}},"20":{"start":{"line":21,"column":0},"end":{"line":21,"column":13}},"21":{"start":{"line":22,"column":0},"end":{"line":22,"column":34}},"22":{"start":{"line":23,"column":0},"end":{"line":23,"column":14}},"23":{"start":{"line":24,"column":0},"end":{"line":24,"column":29}},"24":{"start":{"line":25,"column":0},"end":{"line":25,"column":44}},"25":{"start":{"line":26,"column":0},"end":{"line":26,"column":7}},"26":{"start":{"line":27,"column":0},"end":{"line":27,"column":0}},"27":{"start":{"line":28,"column":0},"end":{"line":28,"column":68}},"28":{"start":{"line":29,"column":0},"end":{"line":29,"column":62}},"29":{"start":{"line":30,"column":0},"end":{"line":30,"column":21}},"30":{"start":{"line":31,"column":0},"end":{"line":31,"column":68}},"31":{"start":{"line":32,"column":0},"end":{"line":32,"column":0}},"32":{"start":{"line":33,"column":0},"end":{"line":33,"column":23}},"33":{"start":{"line":34,"column":0},"end":{"line":34,"column":65}},"34":{"start":{"line":35,"column":0},"end":{"line":35,"column":77}},"35":{"start":{"line":36,"column":0},"end":{"line":36,"column":0}},"36":{"start":{"line":37,"column":0},"end":{"line":37,"column":25}},"37":{"start":{"line":38,"column":0},"end":{"line":38,"column":64}},"38":{"start":{"line":39,"column":0},"end":{"line":39,"column":23}},"39":{"start":{"line":40,"column":0},"end":{"line":40,"column":22}},"40":{"start":{"line":41,"column":0},"end":{"line":41,"column":7}},"41":{"start":{"line":42,"column":0},"end":{"line":42,"column":0}},"42":{"start":{"line":43,"column":0},"end":{"line":43,"column":36}},"43":{"start":{"line":44,"column":0},"end":{"line":44,"column":12}},"44":{"start":{"line":45,"column":0},"end":{"line":45,"column":13}},"45":{"start":{"line":46,"column":0},"end":{"line":46,"column":24}},"46":{"start":{"line":47,"column":0},"end":{"line":47,"column":26}},"47":{"start":{"line":48,"column":0},"end":{"line":48,"column":8}},"48":{"start":{"line":49,"column":0},"end":{"line":49,"column":6}},"49":{"start":{"line":50,"column":0},"end":{"line":50,"column":0}},"50":{"start":{"line":51,"column":0},"end":{"line":51,"column":23}},"51":{"start":{"line":52,"column":0},"end":{"line":52,"column":3}},"52":{"start":{"line":53,"column":0},"end":{"line":53,"column":1}}},"s":{"0":1,"1":1,"2":1,"3":1,"4":1,"5":1,"6":1,"7":1,"8":1,"9":1,"10":1,"11":1,"12":1,"13":1,"14":1,"15":1,"16":1,"17":1,"18":1,"19":1,"20":1,"21":1,"22":1,"23":3,"24":3,"25":3,"26":1,"27":1,"28":2,"29":2,"30":2,"31":1,"32":1,"33":1,"34":2,"35":2,"36":2,"37":2,"38":2,"39":2,"40":2,"41":2,"42":2,"43":2,"44":2,"45":2,"46":2,"47":2,"48":2,"49":2,"50":2,"51":2,"52":1},"branchMap":{"0":{"type":"branch","line":23,"loc":{"start":{"line":23,"column":2},"end":{"line":26,"column":7}},"locations":[{"start":{"line":23,"column":2},"end":{"line":26,"column":7}}]},"1":{"type":"branch","line":28,"loc":{"start":{"line":28,"column":8},"end":{"line":52,"column":3}},"locations":[{"start":{"line":28,"column":8},"end":{"line":52,"column":3}}]},"2":{"type":"branch","line":31,"loc":{"start":{"line":31,"column":15},"end":{"line":35,"column":30}},"locations":[{"start":{"line":31,"column":15},"end":{"line":35,"column":30}}]},"3":{"type":"branch","line":35,"loc":{"start":{"line":35,"column":24},"end":{"line":35,"column":77}},"locations":[{"start":{"line":35,"column":24},"end":{"line":35,"column":77}}]}},"b":{"0":[3],"1":[2],"2":[1],"3":[0]},"fnMap":{"0":{"name":"AuthenticateUseCase","decl":{"start":{"line":23,"column":2},"end":{"line":26,"column":7}},"loc":{"start":{"line":23,"column":2},"end":{"line":26,"column":7}},"line":23},"1":{"name":"execute","decl":{"start":{"line":28,"column":8},"end":{"line":52,"column":3}},"loc":{"start":{"line":28,"column":8},"end":{"line":52,"column":3}},"line":28}},"f":{"0":3,"1":2}}
,"D:\\Studies\\Rocketseat\\ignite\\node\\rentalx\\src\\modules\\users\\UseCases\\CreateUser\\CreateUserUseCase.ts": {"path":"D:\\Studies\\Rocketseat\\ignite\\node\\rentalx\\src\\modules\\users\\UseCases\\CreateUser\\CreateUserUseCase.ts","all":false,"statementMap":{"0":{"start":{"line":1,"column":0},"end":{"line":1,"column":32}},"1":{"start":{"line":2,"column":0},"end":{"line":2,"column":46}},"2":{"start":{"line":3,"column":0},"end":{"line":3,"column":0}},"3":{"start":{"line":4,"column":0},"end":{"line":4,"column":58}},"4":{"start":{"line":5,"column":0},"end":{"line":5,"column":63}},"5":{"start":{"line":6,"column":0},"end":{"line":6,"column":83}},"6":{"start":{"line":7,"column":0},"end":{"line":7,"column":0}},"7":{"start":{"line":8,"column":0},"end":{"line":8,"column":13}},"8":{"start":{"line":9,"column":0},"end":{"line":9,"column":25}},"9":{"start":{"line":10,"column":0},"end":{"line":10,"column":14}},"10":{"start":{"line":11,"column":0},"end":{"line":11,"column":29}},"11":{"start":{"line":12,"column":0},"end":{"line":12,"column":44}},"12":{"start":{"line":13,"column":0},"end":{"line":13,"column":7}},"13":{"start":{"line":14,"column":0},"end":{"line":14,"column":0}},"14":{"start":{"line":15,"column":0},"end":{"line":15,"column":17}},"15":{"start":{"line":16,"column":0},"end":{"line":16,"column":9}},"16":{"start":{"line":17,"column":0},"end":{"line":17,"column":13}},"17":{"start":{"line":18,"column":0},"end":{"line":18,"column":10}},"18":{"start":{"line":19,"column":0},"end":{"line":19,"column":19}},"19":{"start":{"line":20,"column":0},"end":{"line":20,"column":11}},"20":{"start":{"line":21,"column":0},"end":{"line":21,"column":41}},"21":{"start":{"line":22,"column":0},"end":{"line":22,"column":49}},"22":{"start":{"line":23,"column":0},"end":{"line":23,"column":0}},"23":{"start":{"line":24,"column":0},"end":{"line":24,"column":75}},"24":{"start":{"line":25,"column":0},"end":{"line":25,"column":0}},"25":{"start":{"line":26,"column":0},"end":{"line":26,"column":28}},"26":{"start":{"line":27,"column":0},"end":{"line":27,"column":48}},"27":{"start":{"line":28,"column":0},"end":{"line":28,"column":5}},"28":{"start":{"line":29,"column":0},"end":{"line":29,"column":0}},"29":{"start":{"line":30,"column":0},"end":{"line":30,"column":38}},"30":{"start":{"line":31,"column":0},"end":{"line":31,"column":11}},"31":{"start":{"line":32,"column":0},"end":{"line":32,"column":29}},"32":{"start":{"line":33,"column":0},"end":{"line":33,"column":12}},"33":{"start":{"line":34,"column":0},"end":{"line":34,"column":21}},"34":{"start":{"line":35,"column":0},"end":{"line":35,"column":13}},"35":{"start":{"line":36,"column":0},"end":{"line":36,"column":7}},"36":{"start":{"line":37,"column":0},"end":{"line":37,"column":3}},"37":{"start":{"line":38,"column":0},"end":{"line":38,"column":1}},"38":{"start":{"line":39,"column":0},"end":{"line":39,"column":0}},"39":{"start":{"line":40,"column":0},"end":{"line":40,"column":29}}},"s":{"0":1,"1":1,"2":1,"3":1,"4":1,"5":1,"6":1,"7":1,"8":1,"9":1,"10":3,"11":3,"12":3,"13":1,"14":1,"15":2,"16":2,"17":2,"18":2,"19":2,"20":2,"21":2,"22":2,"23":2,"24":2,"25":2,"26":0,"27":0,"28":1,"29":1,"30":1,"31":1,"32":1,"33":1,"34":1,"35":1,"36":1,"37":1,"38":1,"39":1},"branchMap":{"0":{"type":"branch","line":10,"loc":{"start":{"line":10,"column":2},"end":{"line":13,"column":7}},"locations":[{"start":{"line":10,"column":2},"end":{"line":13,"column":7}}]},"1":{"type":"branch","line":15,"loc":{"start":{"line":15,"column":8},"end":{"line":37,"column":3}},"locations":[{"start":{"line":15,"column":8},"end":{"line":37,"column":3}}]},"2":{"type":"branch","line":26,"loc":{"start":{"line":26,"column":27},"end":{"line":28,"column":5}},"locations":[{"start":{"line":26,"column":27},"end":{"line":28,"column":5}}]},"3":{"type":"branch","line":29,"loc":{"start":{"line":29,"column":-1},"end":{"line":37,"column":3}},"locations":[{"start":{"line":29,"column":-1},"end":{"line":37,"column":3}}]}},"b":{"0":[3],"1":[2],"2":[0],"3":[1]},"fnMap":{"0":{"name":"CreateUserUseCase","decl":{"start":{"line":10,"column":2},"end":{"line":13,"column":7}},"loc":{"start":{"line":10,"column":2},"end":{"line":13,"column":7}},"line":10},"1":{"name":"execute","decl":{"start":{"line":15,"column":8},"end":{"line":37,"column":3}},"loc":{"start":{"line":15,"column":8},"end":{"line":37,"column":3}},"line":15}},"f":{"0":3,"1":2}}
,"D:\\Studies\\Rocketseat\\ignite\\node\\rentalx\\src\\modules\\users\\infra\\typeorm\\entities\\User.ts": {"path":"D:\\Studies\\Rocketseat\\ignite\\node\\rentalx\\src\\modules\\users\\infra\\typeorm\\entities\\User.ts","all":false,"statementMap":{"0":{"start":{"line":1,"column":0},"end":{"line":1,"column":27}},"1":{"start":{"line":2,"column":0},"end":{"line":2,"column":8}},"2":{"start":{"line":3,"column":0},"end":{"line":3,"column":50}},"3":{"start":{"line":4,"column":0},"end":{"line":4,"column":17}},"4":{"start":{"line":5,"column":0},"end":{"line":5,"column":34}},"5":{"start":{"line":6,"column":0},"end":{"line":6,"column":0}},"6":{"start":{"line":7,"column":0},"end":{"line":7,"column":16}},"7":{"start":{"line":8,"column":0},"end":{"line":8,"column":12}},"8":{"start":{"line":9,"column":0},"end":{"line":9,"column":18}},"9":{"start":{"line":10,"column":0},"end":{"line":10,"column":14}},"10":{"start":{"line":11,"column":0},"end":{"line":11,"column":11}},"11":{"start":{"line":12,"column":0},"end":{"line":12,"column":15}},"12":{"start":{"line":13,"column":0},"end":{"line":13,"column":11}},"13":{"start":{"line":14,"column":0},"end":{"line":14,"column":19}},"14":{"start":{"line":15,"column":0},"end":{"line":15,"column":11}},"15":{"start":{"line":16,"column":0},"end":{"line":16,"column":16}},"16":{"start":{"line":17,"column":0},"end":{"line":17,"column":11}},"17":{"start":{"line":18,"column":0},"end":{"line":18,"column":25}},"18":{"start":{"line":19,"column":0},"end":{"line":19,"column":11}},"19":{"start":{"line":20,"column":0},"end":{"line":20,"column":17}},"20":{"start":{"line":21,"column":0},"end":{"line":21,"column":11}},"21":{"start":{"line":22,"column":0},"end":{"line":22,"column":18}},"22":{"start":{"line":23,"column":0},"end":{"line":23,"column":21}},"23":{"start":{"line":24,"column":0},"end":{"line":24,"column":19}},"24":{"start":{"line":25,"column":0},"end":{"line":25,"column":0}},"25":{"start":{"line":26,"column":0},"end":{"line":26,"column":17}},"26":{"start":{"line":27,"column":0},"end":{"line":27,"column":19}},"27":{"start":{"line":28,"column":0},"end":{"line":28,"column":23}},"28":{"start":{"line":29,"column":0},"end":{"line":29,"column":5}},"29":{"start":{"line":30,"column":0},"end":{"line":30,"column":3}},"30":{"start":{"line":31,"column":0},"end":{"line":31,"column":1}},"31":{"start":{"line":32,"column":0},"end":{"line":32,"column":0}},"32":{"start":{"line":33,"column":0},"end":{"line":33,"column":16}}},"s":{"0":1,"1":1,"2":1,"3":1,"4":1,"5":1,"6":1,"7":1,"8":1,"9":1,"10":1,"11":1,"12":1,"13":1,"14":1,"15":1,"16":1,"17":1,"18":1,"19":1,"20":1,"21":1,"22":1,"23":1,"24":1,"25":1,"26":1,"27":1,"28":1,"29":1,"30":1,"31":1,"32":1},"branchMap":{"0":{"type":"branch","line":26,"loc":{"start":{"line":26,"column":2},"end":{"line":30,"column":3}},"locations":[{"start":{"line":26,"column":2},"end":{"line":30,"column":3}}]}},"b":{"0":[1]},"fnMap":{"0":{"name":"User","decl":{"start":{"line":26,"column":2},"end":{"line":30,"column":3}},"loc":{"start":{"line":26,"column":2},"end":{"line":30,"column":3}},"line":26}},"f":{"0":1}}
,"D:\\Studies\\Rocketseat\\ignite\\node\\rentalx\\src\\modules\\users\\repositories\\implemetentios\\in-memory\\UserRepositoryInMemory.ts": {"path":"D:\\Studies\\Rocketseat\\ignite\\node\\rentalx\\src\\modules\\users\\repositories\\implemetentios\\in-memory\\UserRepositoryInMemory.ts","all":false,"statementMap":{"0":{"start":{"line":1,"column":0},"end":{"line":1,"column":66}},"1":{"start":{"line":2,"column":0},"end":{"line":2,"column":60}},"2":{"start":{"line":3,"column":0},"end":{"line":3,"column":86}},"3":{"start":{"line":4,"column":0},"end":{"line":4,"column":0}},"4":{"start":{"line":5,"column":0},"end":{"line":5,"column":64}},"5":{"start":{"line":6,"column":0},"end":{"line":6,"column":21}},"6":{"start":{"line":7,"column":0},"end":{"line":7,"column":57}},"7":{"start":{"line":8,"column":0},"end":{"line":8,"column":28}},"8":{"start":{"line":9,"column":0},"end":{"line":9,"column":0}},"9":{"start":{"line":10,"column":0},"end":{"line":10,"column":25}},"10":{"start":{"line":11,"column":0},"end":{"line":11,"column":22}},"11":{"start":{"line":12,"column":0},"end":{"line":12,"column":42}},"12":{"start":{"line":13,"column":0},"end":{"line":13,"column":24}},"13":{"start":{"line":14,"column":0},"end":{"line":14,"column":30}},"14":{"start":{"line":15,"column":0},"end":{"line":15,"column":7}},"15":{"start":{"line":16,"column":0},"end":{"line":16,"column":26}},"16":{"start":{"line":17,"column":0},"end":{"line":17,"column":3}},"17":{"start":{"line":18,"column":0},"end":{"line":18,"column":51}},"18":{"start":{"line":19,"column":0},"end":{"line":19,"column":65}},"19":{"start":{"line":20,"column":0},"end":{"line":20,"column":0}},"20":{"start":{"line":21,"column":0},"end":{"line":21,"column":16}},"21":{"start":{"line":22,"column":0},"end":{"line":22,"column":3}},"22":{"start":{"line":23,"column":0},"end":{"line":23,"column":45}},"23":{"start":{"line":24,"column":0},"end":{"line":24,"column":59}},"24":{"start":{"line":25,"column":0},"end":{"line":25,"column":16}},"25":{"start":{"line":26,"column":0},"end":{"line":26,"column":3}},"26":{"start":{"line":27,"column":0},"end":{"line":27,"column":1}}},"s":{"0":1,"1":1,"2":1,"3":1,"4":3,"5":3,"6":3,"7":1,"8":1,"9":1,"10":1,"11":1,"12":1,"13":1,"14":1,"15":1,"16":1,"17":3,"18":3,"19":3,"20":3,"21":3,"22":3,"23":0,"24":0,"25":0,"26":3},"branchMap":{"0":{"type":"branch","line":5,"loc":{"start":{"line":5,"column":0},"end":{"line":27,"column":1}},"locations":[{"start":{"line":5,"column":0},"end":{"line":27,"column":1}}]},"1":{"type":"branch","line":7,"loc":{"start":{"line":7,"column":8},"end":{"line":17,"column":3}},"locations":[{"start":{"line":7,"column":8},"end":{"line":17,"column":3}}]},"2":{"type":"branch","line":18,"loc":{"start":{"line":18,"column":8},"end":{"line":22,"column":3}},"locations":[{"start":{"line":18,"column":8},"end":{"line":22,"column":3}}]},"3":{"type":"branch","line":19,"loc":{"start":{"line":19,"column":33},"end":{"line":19,"column":63}},"locations":[{"start":{"line":19,"column":33},"end":{"line":19,"column":63}}]}},"b":{"0":[3],"1":[1],"2":[3],"3":[1]},"fnMap":{"0":{"name":"UserRepositoryInMemory","decl":{"start":{"line":5,"column":0},"end":{"line":27,"column":1}},"loc":{"start":{"line":5,"column":0},"end":{"line":27,"column":1}},"line":5},"1":{"name":"create","decl":{"start":{"line":7,"column":8},"end":{"line":17,"column":3}},"loc":{"start":{"line":7,"column":8},"end":{"line":17,"column":3}},"line":7},"2":{"name":"findByEmail","decl":{"start":{"line":18,"column":8},"end":{"line":22,"column":3}},"loc":{"start":{"line":18,"column":8},"end":{"line":22,"column":3}},"line":18},"3":{"name":"findById","decl":{"start":{"line":23,"column":8},"end":{"line":26,"column":3}},"loc":{"start":{"line":23,"column":8},"end":{"line":26,"column":3}},"line":23}},"f":{"0":3,"1":1,"2":3,"3":0}}
,"D:\\Studies\\Rocketseat\\ignite\\node\\rentalx\\src\\shared\\errors\\AppError.ts": {"path":"D:\\Studies\\Rocketseat\\ignite\\node\\rentalx\\src\\shared\\errors\\AppError.ts","all":false,"statementMap":{"0":{"start":{"line":1,"column":0},"end":{"line":1,"column":31}},"1":{"start":{"line":2,"column":0},"end":{"line":2,"column":34}},"2":{"start":{"line":3,"column":0},"end":{"line":3,"column":37}},"3":{"start":{"line":4,"column":0},"end":{"line":4,"column":42}},"4":{"start":{"line":5,"column":0},"end":{"line":5,"column":46}},"5":{"start":{"line":6,"column":0},"end":{"line":6,"column":27}},"6":{"start":{"line":7,"column":0},"end":{"line":7,"column":29}},"7":{"start":{"line":8,"column":0},"end":{"line":8,"column":3}},"8":{"start":{"line":9,"column":0},"end":{"line":9,"column":1}}},"s":{"0":1,"1":1,"2":1,"3":1,"4":1,"5":3,"6":3,"7":3,"8":1},"branchMap":{"0":{"type":"branch","line":5,"loc":{"start":{"line":5,"column":2},"end":{"line":8,"column":3}},"locations":[{"start":{"line":5,"column":2},"end":{"line":8,"column":3}}]}},"b":{"0":[3]},"fnMap":{"0":{"name":"AppError","decl":{"start":{"line":5,"column":2},"end":{"line":8,"column":3}},"loc":{"start":{"line":5,"column":2},"end":{"line":8,"column":3}},"line":5}},"f":{"0":3}}
}
